<?xml version="1.0" encoding="UTF-8"?>
<testng-results skipped="0" failed="0" ignored="0" total="1" passed="1">
  <reporter-output>
  </reporter-output>
  <suite name="Suite" duration-ms="12051" started-at="2020-04-28T17:11:56 IST" finished-at="2020-04-28T17:12:08 IST">
    <groups>
    </groups>
    <test name="demo Test" duration-ms="12051" started-at="2020-04-28T17:11:56 IST" finished-at="2020-04-28T17:12:08 IST">
      <class name="testcases.Demo">
        <test-method status="PASS" signature="dolaunchBrowser()[pri:0, instance:testcases.Demo@32709393]" name="dolaunchBrowser" duration-ms="11989" started-at="2020-04-28T17:11:56 IST" finished-at="2020-04-28T17:12:08 IST">
          <reporter-output>
          </reporter-output>
        </test-method> <!-- dolaunchBrowser -->
      </class> <!-- testcases.Demo -->
    </test> <!-- demo Test -->
  </suite> <!-- Suite -->
</testng-results>
